


ARM Macro Assembler    Page 1 


    1 00000000                 AREA             ARMex, CODE, READONLY
    2 00000000                 ENTRY
    3 00000000         
    4 00000000 E3A00000        MOV              r0, #0      ; store at r0~r7
    5 00000004 E3A01001        MOV              r1, #1
    6 00000008 E3A02002        MOV              r2, #2
    7 0000000C E3A03003        MOV              r3, #3
    8 00000010 E3A04004        MOV              r4, #4
    9 00000014 E3A05005        MOV              r5, #5
   10 00000018 E3A06006        MOV              r6, #6
   11 0000001C E3A07007        MOV              r7, #7
   12 00000020         
   13 00000020 E59FD01C        LDR              sp, Address1 ;address to store 
                                                            data(stack)
   14 00000024         
   15 00000024 E92D00FF        STMFD            sp!, {r0-r7} ;Store data(r0 - r
                                                            1 - r2 - r3 - r4 - 
                                                            r5 - r6 - r7)
   16 00000028         
   17 00000028 E8BD0002        LDMFD            sp!, {r1}   ;Load data(r1 - r6 
                                                            - r0 - r2 - r7 - r3
                                                             - r4 - r5)
   18 0000002C E8BD0040        LDMFD            sp!, {r6}
   19 00000030 E8BD0001        LDMFD            sp!, {r0}
   20 00000034 E8BD0004        LDMFD            sp!, {r2}
   21 00000038 E8BD0080        LDMFD            sp!, {r7}
   22 0000003C E8BD0038        LDMFD            sp!, {r3-r5}
   23 00000040         
   24 00000040 E1A0F00E        MOV              pc, lr
   25 00000044         
   26 00000044 00004200 
                       Address1
                               &                &0004200
   27 00000048         
   28 00000048                 END
Command Line: --debug --xref --diag_suppress=9931 --cpu=ARM9E --apcs=interwork 
--depend=.\objects\assignment_4_2.d -o.\objects\assignment_4_2.o -IC:\Keil_v5\A
RM\RV31\INC -IC:\Keil_v5\ARM\CMSIS\Include --predefine="__EVAL SETA 1" --predef
ine="__UVISION_VERSION SETA 521" --list=.\listings\assignment_4_2.lst assignmen
t_4_2.s



ARM Macro Assembler    Page 1 Alphabetic symbol ordering
Relocatable symbols

ARMex 00000000

Symbol: ARMex
   Definitions
      At line 1 in file assignment_4_2.s
   Uses
      None
Comment: ARMex unused
Address1 00000044

Symbol: Address1
   Definitions
      At line 26 in file assignment_4_2.s
   Uses
      At line 13 in file assignment_4_2.s
Comment: Address1 used once
2 symbols
334 symbols in table
