


ARM Macro Assembler    Page 1 


    1 00000000                 AREA             ARMex, CODE, READONLY ;Assignme
                                                            nt3 using MUL
    2 00000000                 ENTRY
    3 00000000         
    4 00000000 E59F0034        LDR              r0, Address1 ;Address to store
    5 00000004 E3A0100A        MOV              r1, #10
    6 00000008 E3A02001        MOV              r2, #1
    7 0000000C         
    8 0000000C E1A0E00F        MOV              lr, pc
    9 00000010 EA000001        B                Factorial   ;call Factorial(10)
                                                            
   10 00000014         
   11 00000014 E5802000        STR              r2, [r0]    ;store Factorial
   12 00000018         
   13 00000018 E3A0F000        MOV              pc, #0
   14 0000001C         
   15 0000001C         Factorial                            ;Factorial function
                                                            
   16 0000001C E92D4002        STMFD            sp!, {r1, lr} 
                                                            ;store r1 and state
                                                            
   17 00000020         
   18 00000020 E3510001        CMP              r1, #1      ;compare while r1 =
                                                            = 1
   19 00000024         
   20 00000024 82411001        SUBHI            r1, #1      ;if r1 > 1, Factori
                                                            al(r1-1)
   21 00000028 81A0E00F        MOVHI            lr, pc
   22 0000002C 8AFFFFFA        BHI              Factorial
   23 00000030         
   24 00000030 E8BD4002        LDMFD            sp!, {r1, lr} ;if after all Fac
                                                            torial() call, MUL 
                                                            it
   25 00000034 E0020291        MUL              r2, r1, r2
   26 00000038 E1A0F00E        MOV              pc, lr      ;next Factorial
   27 0000003C         
   28 0000003C         
   29 0000003C 00004000 
                       Address1
                               &                &4000       ;Address to store a
                                                            rray
   30 00000040         
   31 00000040                 END
Command Line: --debug --xref --diag_suppress=9931 --cpu=ARM9E --apcs=interwork 
--depend=.\objects\assignment_4_1.d -o.\objects\assignment_4_1.o -IC:\Keil_v5\A
RM\RV31\INC -IC:\Keil_v5\ARM\CMSIS\Include --predefine="__EVAL SETA 1" --predef
ine="__UVISION_VERSION SETA 521" --list=.\listings\assignment_4_1.lst assignmen
t_4_1.s



ARM Macro Assembler    Page 1 Alphabetic symbol ordering
Relocatable symbols

ARMex 00000000

Symbol: ARMex
   Definitions
      At line 1 in file assignment_4_1.s
   Uses
      None
Comment: ARMex unused
Address1 0000003C

Symbol: Address1
   Definitions
      At line 29 in file assignment_4_1.s
   Uses
      At line 4 in file assignment_4_1.s
Comment: Address1 used once
Factorial 0000001C

Symbol: Factorial
   Definitions
      At line 15 in file assignment_4_1.s
   Uses
      At line 9 in file assignment_4_1.s
      At line 22 in file assignment_4_1.s

3 symbols
335 symbols in table
